2015/02/14 10:47:11 [error] [php] include(ERestController.php): failed to open stream: No such file or directory (C:\wamp\www\instaconsult\yii\framework\YiiBase.php:432)
Stack trace:
#0 C:\wamp\www\instaconsult\starship\protected\controllers\ProjectController.php(4): spl_autoload_call()
#1 C:\wamp\www\instaconsult\yii\framework\web\CWebApplication.php(354): require()
#2 C:\wamp\www\instaconsult\yii\framework\web\CWebApplication.php(276): CWebApplication->createController()
#3 C:\wamp\www\instaconsult\yii\framework\web\CWebApplication.php(141): CWebApplication->runController()
#4 C:\wamp\www\instaconsult\yii\framework\base\CApplication.php(184): CWebApplication->processRequest()
#5 C:\wamp\www\instaconsult\starship\index.php(13): CWebApplication->run()
REQUEST_URI=/instaconsult/starship/index.php/project
in C:\wamp\www\instaconsult\starship\protected\controllers\ProjectController.php (4)
in C:\wamp\www\instaconsult\starship\index.php (13)
2015/02/14 11:18:24 [error] [exception.CHttpException.401] exception 'CHttpException' with message 'Unauthorized' in C:\wamp\www\instaconsult\starship\protected\extensions\starship\RestfullYii\filters\ERestFilter.php:81
Stack trace:
#0 C:\wamp\www\instaconsult\yii\framework\web\filters\CFilter.php(38): ERestFilter->preFilter(Object(CFilterChain))
#1 C:\wamp\www\instaconsult\yii\framework\web\filters\CFilterChain.php(130): CFilter->filter(Object(CFilterChain))
#2 C:\wamp\www\instaconsult\yii\framework\web\filters\CFilter.php(40): CFilterChain->run()
#3 C:\wamp\www\instaconsult\yii\framework\web\CController.php(1145): CFilter->filter(Object(CFilterChain))
#4 C:\wamp\www\instaconsult\yii\framework\web\filters\CInlineFilter.php(58): CController->filterAccessControl(Object(CFilterChain))
#5 C:\wamp\www\instaconsult\yii\framework\web\filters\CFilterChain.php(130): CInlineFilter->filter(Object(CFilterChain))
#6 C:\wamp\www\instaconsult\yii\framework\web\CController.php(291): CFilterChain->run()
#7 C:\wamp\www\instaconsult\yii\framework\web\CController.php(265): CController->runActionWithFilters(Object(EActionRestGET), Array)
#8 C:\wamp\www\instaconsult\yii\framework\web\CWebApplication.php(282): CController->run('REST.GET')
#9 C:\wamp\www\instaconsult\yii\framework\web\CWebApplication.php(141): CWebApplication->runController('project/REST.GE...')
#10 C:\wamp\www\instaconsult\yii\framework\base\CApplication.php(184): CWebApplication->processRequest()
#11 C:\wamp\www\instaconsult\starship\index.php(13): CApplication->run()
#12 {main}
REQUEST_URI=/instaconsult/starship/index.php/api/project
---
